0 info it worked if it ends with ok
1 verbose cli [ '/home/fantasyni/bin/node',
1 verbose cli   '/home/fantasyni/bin/npm',
1 verbose cli   'publish' ]
2 info using npm@1.1.59
3 info using node@v0.8.8
4 verbose publish [ '.' ]
5 verbose read json /home/fantasyni/projects/pomelo-admin/package.json
6 warn package.json pomelo-admin@0.0.2 No README.md file found!
7 verbose cache add [ '.', null ]
8 silly cache add name=undefined spec="." args=[".",null]
9 verbose parsed url { pathname: '.', path: '.', href: '.' }
10 silly lockFile 3a52ce78- .
11 verbose lock . /root/.npm/3a52ce78-.lock
12 verbose read json package.json
13 verbose tar pack [ '/root/tmp/npm-19564/1350287174239-0.7511465903371572/tmp.tgz',
13 verbose tar pack   '.' ]
14 verbose tarball /root/tmp/npm-19564/1350287174239-0.7511465903371572/tmp.tgz
15 verbose folder .
16 info prepublish pomelo-admin@0.0.2
17 silly lockFile c81a6e03-74239-0-7511465903371572-tmp-tgz /root/tmp/npm-19564/1350287174239-0.7511465903371572/tmp.tgz
18 verbose lock /root/tmp/npm-19564/1350287174239-0.7511465903371572/tmp.tgz /root/.npm/c81a6e03-74239-0-7511465903371572-tmp-tgz.lock
19 silly lockFile c81a6e03-74239-0-7511465903371572-tmp-tgz /root/tmp/npm-19564/1350287174239-0.7511465903371572/tmp.tgz
20 verbose tar unpack /root/tmp/npm-19564/1350287174239-0.7511465903371572/tmp.tgz
21 silly lockFile 788f2fb4-74239-0-7511465903371572-package /root/tmp/npm-19564/1350287174239-0.7511465903371572/package
22 verbose lock /root/tmp/npm-19564/1350287174239-0.7511465903371572/package /root/.npm/788f2fb4-74239-0-7511465903371572-package.lock
23 silly gunzTarPerm modes [ '777', '666' ]
24 silly gunzTarPerm extractEntry package.json
25 silly gunzTarPerm modified mode [ 'package.json', 509, 511 ]
26 silly gunzTarPerm extractEntry README.md
27 silly gunzTarPerm modified mode [ 'README.md', 436, 438 ]
28 silly gunzTarPerm extractEntry LICENSE
29 silly gunzTarPerm modified mode [ 'LICENSE', 436, 438 ]
30 silly gunzTarPerm extractEntry index.js
31 silly gunzTarPerm modified mode [ 'index.js', 509, 511 ]
32 silly gunzTarPerm extractEntry lib/consoleService.js
33 silly gunzTarPerm modified mode [ 'lib/consoleService.js', 509, 511 ]
34 silly gunzTarPerm extractEntry lib/masterAgent.js
35 silly gunzTarPerm modified mode [ 'lib/masterAgent.js', 509, 511 ]
36 silly gunzTarPerm extractEntry lib/monitorAgent.js
37 silly gunzTarPerm modified mode [ 'lib/monitorAgent.js', 509, 511 ]
38 silly gunzTarPerm extractEntry lib/modules/serverStop.js
39 silly gunzTarPerm modified mode [ 'lib/modules/serverStop.js', 436, 438 ]
40 silly gunzTarPerm extractEntry lib/modules/systemInfo.js
41 silly gunzTarPerm extractEntry lib/modules/onlineUser.js
42 silly gunzTarPerm extractEntry lib/modules/sceneInfo.js
43 silly gunzTarPerm extractEntry lib/modules/scripts.js
44 silly gunzTarPerm extractEntry lib/modules/monitorLog.js
45 silly gunzTarPerm extractEntry lib/modules/nodeInfo.js
46 silly gunzTarPerm extractEntry lib/modules/profiler.js
47 silly gunzTarPerm extractEntry lib/util/utils.js
48 silly gunzTarPerm modified mode [ 'lib/util/utils.js', 509, 511 ]
49 silly gunzTarPerm extractEntry lib/util/protocol.js
50 silly gunzTarPerm modified mode [ 'lib/util/protocol.js', 509, 511 ]
51 silly gunzTarPerm extractEntry lib/util/profileProxy.js
52 silly gunzTarPerm modified mode [ 'lib/util/profileProxy.js', 436, 438 ]
53 silly gunzTarPerm extractEntry lib/util/monitorLog.js
54 silly gunzTarPerm modified mode [ 'lib/util/monitorLog.js', 509, 511 ]
55 silly gunzTarPerm extractEntry lib/util/serverUtil.js
56 silly gunzTarPerm modified mode [ 'lib/util/serverUtil.js', 509, 511 ]
57 silly gunzTarPerm extractEntry lib/util/log/log.js
58 silly gunzTarPerm modified mode [ 'lib/util/log/log.js', 509, 511 ]
59 silly gunzTarPerm extractEntry Makefile
60 silly gunzTarPerm modified mode [ 'Makefile', 509, 511 ]
61 silly gunzTarPerm extractEntry test/agent-test.js
62 silly gunzTarPerm modified mode [ 'test/agent-test.js', 509, 511 ]
63 silly gunzTarPerm extractEntry test/console-service-test.js
64 silly gunzTarPerm modified mode [ 'test/console-service-test.js', 509, 511 ]
65 verbose read json /root/tmp/npm-19564/1350287174239-0.7511465903371572/package/package.json
66 silly lockFile 788f2fb4-74239-0-7511465903371572-package /root/tmp/npm-19564/1350287174239-0.7511465903371572/package
67 verbose from cache /root/tmp/npm-19564/1350287174239-0.7511465903371572/package/package.json
68 verbose tar pack [ '/root/.npm/pomelo-admin/0.0.2/package.tgz',
68 verbose tar pack   '/root/tmp/npm-19564/1350287174239-0.7511465903371572/package' ]
69 verbose tarball /root/.npm/pomelo-admin/0.0.2/package.tgz
70 verbose folder /root/tmp/npm-19564/1350287174239-0.7511465903371572/package
71 silly lockFile 991ce916-m-pomelo-admin-0-0-2-package-tgz /root/.npm/pomelo-admin/0.0.2/package.tgz
72 verbose lock /root/.npm/pomelo-admin/0.0.2/package.tgz /root/.npm/991ce916-m-pomelo-admin-0-0-2-package-tgz.lock
73 silly lockFile 991ce916-m-pomelo-admin-0-0-2-package-tgz /root/.npm/pomelo-admin/0.0.2/package.tgz
74 silly lockFile 79c5178b-t-npm-pomelo-admin-0-0-2-package /root/.npm/pomelo-admin/0.0.2/package
75 verbose lock /root/.npm/pomelo-admin/0.0.2/package /root/.npm/79c5178b-t-npm-pomelo-admin-0-0-2-package.lock
76 silly lockFile 79c5178b-t-npm-pomelo-admin-0-0-2-package /root/.npm/pomelo-admin/0.0.2/package
77 verbose tar unpack /root/.npm/pomelo-admin/0.0.2/package.tgz
78 silly lockFile 79c5178b-t-npm-pomelo-admin-0-0-2-package /root/.npm/pomelo-admin/0.0.2/package
79 verbose lock /root/.npm/pomelo-admin/0.0.2/package /root/.npm/79c5178b-t-npm-pomelo-admin-0-0-2-package.lock
80 silly gunzTarPerm modes [ '777', '666' ]
81 silly gunzTarPerm extractEntry package.json
82 silly gunzTarPerm extractEntry README.md
83 silly gunzTarPerm extractEntry LICENSE
84 silly gunzTarPerm extractEntry index.js
85 silly gunzTarPerm extractEntry lib/consoleService.js
86 silly gunzTarPerm extractEntry lib/masterAgent.js
87 silly gunzTarPerm extractEntry lib/monitorAgent.js
88 silly gunzTarPerm extractEntry lib/modules/serverStop.js
89 silly gunzTarPerm extractEntry lib/modules/systemInfo.js
90 silly gunzTarPerm extractEntry lib/modules/onlineUser.js
91 silly gunzTarPerm extractEntry lib/modules/sceneInfo.js
92 silly gunzTarPerm extractEntry lib/modules/scripts.js
93 silly gunzTarPerm extractEntry lib/modules/monitorLog.js
94 silly gunzTarPerm extractEntry lib/modules/nodeInfo.js
95 silly gunzTarPerm extractEntry lib/modules/profiler.js
96 silly gunzTarPerm extractEntry lib/util/utils.js
97 silly gunzTarPerm extractEntry lib/util/protocol.js
98 silly gunzTarPerm extractEntry lib/util/profileProxy.js
99 silly gunzTarPerm extractEntry lib/util/monitorLog.js
100 silly gunzTarPerm extractEntry lib/util/serverUtil.js
101 silly gunzTarPerm extractEntry lib/util/log/log.js
102 silly gunzTarPerm extractEntry Makefile
103 silly gunzTarPerm extractEntry test/agent-test.js
104 silly gunzTarPerm extractEntry test/console-service-test.js
105 verbose read json /root/.npm/pomelo-admin/0.0.2/package/package.json
106 silly lockFile 79c5178b-t-npm-pomelo-admin-0-0-2-package /root/.npm/pomelo-admin/0.0.2/package
107 silly shasum updated bytes 15171
108 info shasum 7f60d4bb90038e614258993693abb7f1cbc05ba0
108 info shasum /root/.npm/pomelo-admin/0.0.2/package.tgz
109 verbose from cache /root/.npm/pomelo-admin/0.0.2/package/package.json
110 verbose chmod /root/.npm/pomelo-admin/0.0.2/package.tgz 666
111 verbose chown /root/.npm/pomelo-admin/0.0.2/package.tgz [ 0, 0 ]
112 silly lockFile 3a52ce78- .
113 silly publish { name: 'pomelo-admin',
113 silly publish   version: '0.0.2',
113 silly publish   private: false,
113 silly publish   dependencies:
113 silly publish    { 'pomelo-schedule': '>=0.0.2',
113 silly publish      'socket.io': '>=0.0.1',
113 silly publish      'socket.io-client': '>=0.0.1' },
113 silly publish   devDependencies: { should: '>=0.0.1', mocha: '>=0.0.1', flow: '>=0.0.1' },
113 silly publish   readme: 'ERROR: No README.md file found!',
113 silly publish   _id: 'pomelo-admin@0.0.2',
113 silly publish   description: 'ERROR: No README.md file found!',
113 silly publish   dist: { shasum: '7f60d4bb90038e614258993693abb7f1cbc05ba0' } }
114 verbose url raw pomelo-admin
115 verbose url resolving [ 'http://192.168.147.207:5984/ntsregistry/_design/app/_rewrite/',
115 verbose url resolving   './pomelo-admin' ]
116 verbose url resolved http://192.168.147.207:5984/ntsregistry/_design/app/_rewrite/pomelo-admin
117 info retry registry request attempt 1 at 15:46:14
118 http PUT http://192.168.147.207:5984/ntsregistry/_design/app/_rewrite/pomelo-admin
119 http 409 http://192.168.147.207:5984/ntsregistry/_design/app/_rewrite/pomelo-admin
120 verbose url raw pomelo-admin
121 verbose url resolving [ 'http://192.168.147.207:5984/ntsregistry/_design/app/_rewrite/',
121 verbose url resolving   './pomelo-admin' ]
122 verbose url resolved http://192.168.147.207:5984/ntsregistry/_design/app/_rewrite/pomelo-admin
123 info retry registry request attempt 1 at 15:46:14
124 http GET http://192.168.147.207:5984/ntsregistry/_design/app/_rewrite/pomelo-admin
125 http 200 http://192.168.147.207:5984/ntsregistry/_design/app/_rewrite/pomelo-admin
126 verbose url raw pomelo-admin/0.0.2/-tag/latest
127 verbose url resolving [ 'http://192.168.147.207:5984/ntsregistry/_design/app/_rewrite/',
127 verbose url resolving   './pomelo-admin/0.0.2/-tag/latest' ]
128 verbose url resolved http://192.168.147.207:5984/ntsregistry/_design/app/_rewrite/pomelo-admin/0.0.2/-tag/latest
129 info retry registry request attempt 1 at 15:46:14
130 http PUT http://192.168.147.207:5984/ntsregistry/_design/app/_rewrite/pomelo-admin/0.0.2/-tag/latest
131 http 401 http://192.168.147.207:5984/ntsregistry/_design/app/_rewrite/pomelo-admin/0.0.2/-tag/latest
132 info retry registry request attempt 1 at 15:46:14
133 http PUT http://192.168.147.207:5984/ntsregistry/_design/app/_rewrite/pomelo-admin/0.0.2/-tag/latest
134 http 403 http://192.168.147.207:5984/ntsregistry/_design/app/_rewrite/pomelo-admin/0.0.2/-tag/latest
135 error publish Error sending version data
136 error Error: forbidden user: fantasyni not authorized to modify pomelo-admin
136 error Changed: dist-tags.latest "0.0.1" -> "0.0.2"
136 error Added: versions.0.0.2
136 error Changed: time.modified "2012-09-20T06:21:28.470Z" -> "2012-10-15T07:46:07.322Z"
136 error Added: time.0.0.2: ntsregistry/_design/app/_rewrite/pomelo-admin/0.0.2/-tag/latest
136 error     at RegClient.<anonymous> (/home/fantasyni/lib/node_modules/npm/node_modules/npm-registry-client/lib/request.js:253:14)
136 error     at Request.init.self.callback (/home/fantasyni/lib/node_modules/npm/node_modules/request/main.js:120:22)
136 error     at Request.EventEmitter.emit (events.js:91:17)
136 error     at Request.<anonymous> (/home/fantasyni/lib/node_modules/npm/node_modules/request/main.js:648:16)
136 error     at Request.EventEmitter.emit (events.js:115:20)
136 error     at IncomingMessage.Request.start.self.req.self.httpModule.request.buffer (/home/fantasyni/lib/node_modules/npm/node_modules/request/main.js:610:14)
136 error     at IncomingMessage.EventEmitter.emit (events.js:115:20)
136 error     at IncomingMessage._emitEnd (http.js:366:10)
136 error     at HTTPParser.parserOnMessageComplete [as onMessageComplete] (http.js:149:23)
136 error     at Socket.socketOnData [as ondata] (http.js:1366:20)
137 error If you need help, you may report this log at:
137 error     <http://github.com/isaacs/npm/issues>
137 error or email it to:
137 error     <npm-@googlegroups.com>
138 error System Linux 3.2.0-32-generic-pae
139 error command "/home/fantasyni/bin/node" "/home/fantasyni/bin/npm" "publish"
140 error cwd /home/fantasyni/projects/pomelo-admin
141 error node -v v0.8.8
142 error npm -v 1.1.59
143 verbose exit [ 1, true ]
